

Microchip Technology PIC LITE Macro Assembler V1.36 build -262312587 
                                                                                               Mon May 08 12:30:08 2023

Microchip Technology Omniscient Code Generator v1.36 (Free mode) build 201601150325
     1                           	processor	16F876A
     2                           	opt	pw 120
     3                           	opt	lm
     4                           	psect	cinit,global,class=CODE,merge=1,delta=2
     5                           	psect	cstackCOMMON,global,class=COMMON,space=1,delta=1
     6                           	psect	maintext,global,class=CODE,split=1,delta=2
     7                           	psect	text1,local,class=CODE,merge=1,delta=2
     8                           	dabs	1,0x7E,2
     9  0000                     	;# 
    10  0001                     	;# 
    11  0002                     	;# 
    12  0003                     	;# 
    13  0004                     	;# 
    14  0005                     	;# 
    15  0006                     	;# 
    16  0007                     	;# 
    17  000A                     	;# 
    18  000B                     	;# 
    19  000C                     	;# 
    20  000D                     	;# 
    21  000E                     	;# 
    22  000E                     	;# 
    23  000F                     	;# 
    24  0010                     	;# 
    25  0011                     	;# 
    26  0012                     	;# 
    27  0013                     	;# 
    28  0014                     	;# 
    29  0015                     	;# 
    30  0015                     	;# 
    31  0016                     	;# 
    32  0017                     	;# 
    33  0018                     	;# 
    34  0019                     	;# 
    35  001A                     	;# 
    36  001B                     	;# 
    37  001B                     	;# 
    38  001C                     	;# 
    39  001D                     	;# 
    40  001E                     	;# 
    41  001F                     	;# 
    42  0081                     	;# 
    43  0085                     	;# 
    44  0086                     	;# 
    45  0087                     	;# 
    46  008C                     	;# 
    47  008D                     	;# 
    48  008E                     	;# 
    49  0091                     	;# 
    50  0092                     	;# 
    51  0093                     	;# 
    52  0094                     	;# 
    53  0098                     	;# 
    54  0099                     	;# 
    55  009C                     	;# 
    56  009D                     	;# 
    57  009E                     	;# 
    58  009F                     	;# 
    59  010C                     	;# 
    60  010D                     	;# 
    61  010E                     	;# 
    62  010F                     	;# 
    63  018C                     	;# 
    64  018D                     	;# 
    65  0006                     _PORTB	set	6
    66  0012                     _T2CON	set	18
    67  0011                     _TMR2	set	17
    68  0061                     _TMR2IF	set	97
    69  0092                     _PR2	set	146
    70  0086                     _TRISB	set	134
    71                           
    72                           ; #config settings
    73  0000                     
    74                           	psect	cinit
    75  07FC                     start_initialization:	
    76  07FC                     __initialization:	
    77  07FC                     end_of_initialization:	
    78                           ;End of C runtime variable initialization code
    79                           
    80  07FC                     __end_of__initialization:	
    81  07FC  0183               	clrf	3
    82  07FD  120A  118A  2FDB   	ljmp	_main	;jump to C main() function
    83                           
    84                           	psect	cstackCOMMON
    85  0070                     __pcstackCOMMON:	
    86  0070                     ?_delay:	
    87  0070                     ??_delay:	
    88                           ; 1 bytes @ 0x0
    89                           
    90  0070                     ?_main:	
    91                           ; 1 bytes @ 0x0
    92                           
    93  0070                     delay@i:	
    94                           ; 1 bytes @ 0x0
    95                           
    96                           
    97                           ; 2 bytes @ 0x0
    98  0070                     	ds	2
    99  0072                     ??_main:	
   100                           
   101                           	psect	maintext
   102  07DB                     __pmaintext:	
   103                           ; 1 bytes @ 0x2
   104 ;;
   105 ;;Main: autosize = 0, tempsize = 0, incstack = 0, save=0
   106 ;;
   107 ;; *************** function _main *****************
   108 ;; Defined at:
   109 ;;		line 42 in file "timer0.c"
   110 ;; Parameters:    Size  Location     Type
   111 ;;		None
   112 ;; Auto vars:     Size  Location     Type
   113 ;;		None
   114 ;; Return value:  Size  Location     Type
   115 ;;                  1    wreg      void 
   116 ;; Registers used:
   117 ;;		wreg, status,2, status,0, btemp+1, pclath, cstack
   118 ;; Tracked objects:
   119 ;;		On entry : B00/0
   120 ;;		On exit  : 0/0
   121 ;;		Unchanged: 0/0
   122 ;; Data sizes:     COMMON   BANK0   BANK1   BANK3   BANK2
   123 ;;      Params:         0       0       0       0       0
   124 ;;      Locals:         0       0       0       0       0
   125 ;;      Temps:          0       0       0       0       0
   126 ;;      Totals:         0       0       0       0       0
   127 ;;Total ram usage:        0 bytes
   128 ;; Hardware stack levels required when called:    1
   129 ;; This function calls:
   130 ;;		_delay
   131 ;; This function is called by:
   132 ;;		Startup code after reset
   133 ;; This function uses a non-reentrant model
   134 ;;
   135                           
   136                           
   137                           ;psect for function _main
   138  07DB                     _main:	
   139                           
   140                           ;timer0.c: 44: TRISB=0X00;
   141                           
   142                           ;incstack = 0
   143                           ; Regs used in _main: [wreg+status,2+status,0+btemp+1+pclath+cstack]
   144  07DB  1683               	bsf	3,5	;RP0=1, select bank1
   145  07DC  1303               	bcf	3,6	;RP1=0, select bank1
   146  07DD  0186               	clrf	6	;volatile
   147                           
   148                           ;timer0.c: 45: PORTB=0X00;
   149  07DE  1283               	bcf	3,5	;RP0=0, select bank0
   150  07DF  1303               	bcf	3,6	;RP1=0, select bank0
   151  07E0  0186               	clrf	6	;volatile
   152                           
   153                           ;timer0.c: 46: PR2=250;
   154  07E1  30FA               	movlw	250
   155  07E2  1683               	bsf	3,5	;RP0=1, select bank1
   156  07E3  1303               	bcf	3,6	;RP1=0, select bank1
   157  07E4  0092               	movwf	18	;volatile
   158                           
   159                           ;timer0.c: 47: T2CON=0X1c;
   160  07E5  301C               	movlw	28
   161  07E6  1283               	bcf	3,5	;RP0=0, select bank0
   162  07E7  1303               	bcf	3,6	;RP1=0, select bank0
   163  07E8  0092               	movwf	18	;volatile
   164                           
   165                           ;timer0.c: 48: TMR2=0;
   166  07E9  0191               	clrf	17	;volatile
   167  07EA                     l506:	
   168                           ;timer0.c: 49: while(1)
   169                           
   170                           
   171                           ;timer0.c: 50: {
   172                           ;timer0.c: 51: PORTB=0XFF;
   173  07EA  30FF               	movlw	255
   174  07EB  1283               	bcf	3,5	;RP0=0, select bank0
   175  07EC  1303               	bcf	3,6	;RP1=0, select bank0
   176  07ED  0086               	movwf	6	;volatile
   177                           
   178                           ;timer0.c: 52: delay();
   179  07EE  120A  118A  27C0  120A  118A  	fcall	_delay
   180                           
   181                           ;timer0.c: 53: PORTB=0X00;
   182  07F3  1283               	bcf	3,5	;RP0=0, select bank0
   183  07F4  1303               	bcf	3,6	;RP1=0, select bank0
   184  07F5  0186               	clrf	6	;volatile
   185                           
   186                           ;timer0.c: 54: delay();
   187  07F6  120A  118A  27C0  120A  118A  	fcall	_delay
   188  07FB  2FEA               	goto	l506
   189  07FC                     __end_of_main:	
   190                           ;timer0.c: 55: }
   191                           ;timer0.c: 56: return;
   192                           
   193                           
   194                           	psect	text1
   195  07C0                     __ptext1:	
   196 ;; *************** function _delay *****************
   197 ;; Defined at:
   198 ;;		line 30 in file "timer0.c"
   199 ;; Parameters:    Size  Location     Type
   200 ;;		None
   201 ;; Auto vars:     Size  Location     Type
   202 ;;  i               2    0[COMMON] int 
   203 ;; Return value:  Size  Location     Type
   204 ;;                  1    wreg      void 
   205 ;; Registers used:
   206 ;;		wreg, status,2, btemp+1
   207 ;; Tracked objects:
   208 ;;		On entry : 0/0
   209 ;;		On exit  : 0/0
   210 ;;		Unchanged: 0/0
   211 ;; Data sizes:     COMMON   BANK0   BANK1   BANK3   BANK2
   212 ;;      Params:         0       0       0       0       0
   213 ;;      Locals:         2       0       0       0       0
   214 ;;      Temps:          0       0       0       0       0
   215 ;;      Totals:         2       0       0       0       0
   216 ;;Total ram usage:        2 bytes
   217 ;; Hardware stack levels used:    1
   218 ;; This function calls:
   219 ;;		Nothing
   220 ;; This function is called by:
   221 ;;		_main
   222 ;; This function uses a non-reentrant model
   223 ;;
   224                           
   225                           
   226                           ;psect for function _delay
   227  07C0                     _delay:	
   228                           
   229                           ;timer0.c: 34: for(int i=0;i<1000;i++)
   230                           
   231                           ;incstack = 0
   232                           ; Regs used in _delay: [wreg+status,2+btemp+1]
   233  07C0  01F0               	clrf	delay@i
   234  07C1  01F1               	clrf	delay@i+1
   235  07C2                     L1:	
   236  07C2  0871               	movf	delay@i+1,w
   237  07C3  3A80               	xorlw	128
   238  07C4  00FF               	movwf	127
   239  07C5  3083               	movlw	131
   240  07C6  027F               	subwf	127,w
   241  07C7  1D03               	skipz
   242  07C8  2FCB               	goto	u15
   243  07C9  30E8               	movlw	232
   244  07CA  0270               	subwf	delay@i,w
   245  07CB                     u15:	
   246  07CB  1803               	btfsc	3,0
   247  07CC  0008               	return
   248                           
   249                           ;timer0.c: 35: {
   250                           ;timer0.c: 36: TMR2=0X00;
   251  07CD  1283               	bcf	3,5	;RP0=0, select bank0
   252  07CE  1303               	bcf	3,6	;RP1=0, select bank0
   253  07CF  0191               	clrf	17	;volatile
   254  07D0                     l17:	
   255                           ;timer0.c: 37: while(TMR2IF==0);
   256                           
   257  07D0  1C8C               	btfss	12,1	;volatile
   258  07D1  2FD0               	goto	l17
   259                           
   260                           ;timer0.c: 38: TMR2IF=0;
   261  07D2  108C               	bcf	12,1	;volatile
   262                           
   263                           ;timer0.c: 39: TMR2=0;
   264  07D3  0191               	clrf	17	;volatile
   265  07D4  3001               	movlw	1
   266  07D5  07F0               	addwf	delay@i,f
   267  07D6  1803               	skipnc
   268  07D7  0AF1               	incf	delay@i+1,f
   269  07D8  3000               	movlw	0
   270  07D9  07F1               	addwf	delay@i+1,f
   271  07DA  2FC2               	goto	L1
   272  07DB                     __end_of_delay:	
   273  007E                     btemp	set	126	;btemp
   274  007E                     wtemp	set	126
   275  007E                     wtemp0	set	126
   276  0080                     wtemp1	set	128
   277  0082                     wtemp2	set	130
   278  0084                     wtemp3	set	132
   279  0086                     wtemp4	set	134
   280  0088                     wtemp5	set	136
   281  007F                     wtemp6	set	127
   282  007E                     ttemp	set	126
   283  007E                     ttemp0	set	126
   284  0081                     ttemp1	set	129
   285  0084                     ttemp2	set	132
   286  0087                     ttemp3	set	135
   287  007F                     ttemp4	set	127
   288  007E                     ltemp	set	126
   289  007E                     ltemp0	set	126
   290  0082                     ltemp1	set	130
   291  0086                     ltemp2	set	134
   292  0080                     ltemp3	set	128


Data Sizes:
    Strings     0
    Constant    0
    Data        0
    BSS         0
    Persistent  0
    Stack       0

Auto Spaces:
    Space          Size  Autos    Used
    COMMON           14      2       2
    BANK0            80      0       0
    BANK1            80      0       0
    BANK3            96      0       0
    BANK2            96      0       0

Pointer List with Targets:

    None.

Critical Paths under _main in COMMON

    _main->_delay

Critical Paths under _main in BANK0

    None.

Critical Paths under _main in BANK1

    None.

Critical Paths under _main in BANK3

    None.

Critical Paths under _main in BANK2

    None.

Call Graph Tables:

 ---------------------------------------------------------------------------------
 (Depth) Function   	        Calls       Base Space   Used Autos Params    Refs
 ---------------------------------------------------------------------------------
 (0) _main                                                 0     0      0      30
                              _delay
 ---------------------------------------------------------------------------------
 (1) _delay                                                2     2      0      30
                                              0 COMMON     2     2      0
 ---------------------------------------------------------------------------------
 Estimated maximum stack depth 1
 ---------------------------------------------------------------------------------

 Call Graph Graphs:

 _main (ROOT)
   _delay

 Address spaces:
Name               Size   Autos  Total    Cost      Usage
BITCOMMON            E      0       0       0        0.0%
EEDATA             100      0       0       0        0.0%
NULL                 0      0       0       0        0.0%
CODE                 0      0       0       0        0.0%
COMMON               E      2       2       1       14.3%
BITSFR0              0      0       0       1        0.0%
SFR0                 0      0       0       1        0.0%
BITSFR1              0      0       0       2        0.0%
SFR1                 0      0       0       2        0.0%
STACK                0      0       0       2        0.0%
ABS                  0      0       0       3        0.0%
BITBANK0            50      0       0       4        0.0%
BITSFR3              0      0       0       4        0.0%
SFR3                 0      0       0       4        0.0%
BANK0               50      0       0       5        0.0%
BITSFR2              0      0       0       5        0.0%
SFR2                 0      0       0       5        0.0%
BITBANK1            50      0       0       6        0.0%
BANK1               50      0       0       7        0.0%
BITBANK3            60      0       0       8        0.0%
BANK3               60      0       0       9        0.0%
BITBANK2            60      0       0      10        0.0%
BANK2               60      0       0      11        0.0%
DATA                 0      0       0      12        0.0%


Microchip Technology PIC Macro Assembler V1.36 build -262312587 
Symbol Table                                                                                   Mon May 08 12:30:08 2023

            __CFG_CP$OFF 0000                       l17 07D0                       u15 07CB  
                    l506 07EA                      _PR2 0092             __CFG_CPD$OFF 0000  
           __CFG_FOSC$XT 0000             __CFG_LVP$OFF 0000                     _TMR2 0011  
           __CFG_WRT$OFF 0000                     _main 07DB                     btemp 007E  
                   ltemp 007E                     start 0000                     ttemp 007E  
                   wtemp 007E                    ?_main 0070            __CFG_WDTE$OFF 0000  
                  _T2CON 0012                    _PORTB 0006                    _TRISB 0086  
                  _delay 07C0           __CFG_BOREN$OFF 0000                    ltemp0 007E  
                  ltemp1 0082                    ltemp2 0086                    ltemp3 0080  
                  ttemp0 007E                    ttemp1 0081                    ttemp2 0084  
                  ttemp3 0087                    ttemp4 007F                    status 0003  
                  wtemp0 007E                    wtemp1 0080                    wtemp2 0082  
                  wtemp3 0084                    wtemp4 0086                    wtemp5 0088  
                  wtemp6 007F          __initialization 07FC             __end_of_main 07FC  
                 ??_main 0072                   ?_delay 0070                   _TMR2IF 0061  
         __CFG_PWRTE$OFF 0000                   delay@i 0070  __end_of__initialization 07FC  
         __pcstackCOMMON 0070            __end_of_delay 07DB                  ??_delay 0070  
             __pmaintext 07DB                  __ptext1 07C0     end_of_initialization 07FC  
    start_initialization 07FC                ___latbits 0002           __size_of_delay 001B  
          __size_of_main 0021  
